This is pdfTeX, Version 3.141592653-2.6-1.40.24 (TeX Live 2022) (preloaded format=pdflatex 2022.7.28)  4 AUG 2022 19:51
entering extended mode
 restricted \write18 enabled.
 %&-line parsing enabled.
**AnaÌ€lisi-descriptiva.tex
(./AnaÌ€lisi-descriptiva.tex
LaTeX2e <2022-06-01> patch level 5
L3 programming layer <2022-07-15> (/Users/annasalazar/Library/TinyTeX/texmf-dist/tex/latex/base/article.cls
Document Class: article 2021/10/04 v1.4n Standard LaTeX document class
(/Users/annasalazar/Library/TinyTeX/texmf-dist/tex/latex/base/size10.clo
File: size10.clo 2021/10/04 v1.4n Standard LaTeX file (size option)
)
\c@part=\count185
\c@section=\count186
\c@subsection=\count187
\c@subsubsection=\count188
\c@paragraph=\count189
\c@subparagraph=\count190
\c@figure=\count191
\c@table=\count192
\abovecaptionskip=\skip47
\belowcaptionskip=\skip48
\bibindent=\dimen138
) (/Users/annasalazar/Library/TinyTeX/texmf-dist/tex/latex/amsmath/amsmath.sty
Package: amsmath 2022/04/08 v2.17n AMS math features
\@mathmargin=\skip49
For additional information on amsmath, use the `?' option.
(/Users/annasalazar/Library/TinyTeX/texmf-dist/tex/latex/amsmath/amstext.sty
Package: amstext 2021/08/26 v2.01 AMS text
(/Users/annasalazar/Library/TinyTeX/texmf-dist/tex/latex/amsmath/amsgen.sty
File: amsgen.sty 1999/11/30 v2.0 generic functions
\@emptytoks=\toks16
\ex@=\dimen139
)) (/Users/annasalazar/Library/TinyTeX/texmf-dist/tex/latex/amsmath/amsbsy.sty
Package: amsbsy 1999/11/29 v1.2d Bold Symbols
\pmbraise@=\dimen140
) (/Users/annasalazar/Library/TinyTeX/texmf-dist/tex/latex/amsmath/amsopn.sty
Package: amsopn 2022/04/08 v2.04 operator names
)
\inf@bad=\count193
LaTeX Info: Redefining \frac on input line 234.
\uproot@=\count194
\leftroot@=\count195
LaTeX Info: Redefining \overline on input line 399.
LaTeX Info: Redefining \colon on input line 410.
\classnum@=\count196
\DOTSCASE@=\count197
LaTeX Info: Redefining \ldots on input line 496.
LaTeX Info: Redefining \dots on input line 499.
LaTeX Info: Redefining \cdots on input line 620.
\Mathstrutbox@=\box51
\strutbox@=\box52
LaTeX Info: Redefining \big on input line 722.
LaTeX Info: Redefining \Big on input line 723.
LaTeX Info: Redefining \bigg on input line 724.
LaTeX Info: Redefining \Bigg on input line 725.
\big@size=\dimen141
LaTeX Font Info:    Redeclaring font encoding OML on input line 743.
LaTeX Font Info:    Redeclaring font encoding OMS on input line 744.
\macc@depth=\count198
LaTeX Info: Redefining \bmod on input line 905.
LaTeX Info: Redefining \pmod on input line 910.
LaTeX Info: Redefining \smash on input line 940.
LaTeX Info: Redefining \relbar on input line 970.
LaTeX Info: Redefining \Relbar on input line 971.
\c@MaxMatrixCols=\count199
\dotsspace@=\muskip16
\c@parentequation=\count266
\dspbrk@lvl=\count267
\tag@help=\toks17
\row@=\count268
\column@=\count269
\maxfields@=\count270
\andhelp@=\toks18
\eqnshift@=\dimen142
\alignsep@=\dimen143
\tagshift@=\dimen144
\tagwidth@=\dimen145
\totwidth@=\dimen146
\lineht@=\dimen147
\@envbody=\toks19
\multlinegap=\skip50
\multlinetaggap=\skip51
\mathdisplay@stack=\toks20
LaTeX Info: Redefining \[ on input line 2953.
LaTeX Info: Redefining \] on input line 2954.
) (/Users/annasalazar/Library/TinyTeX/texmf-dist/tex/latex/amsfonts/amssymb.sty
Package: amssymb 2013/01/14 v3.01 AMS font symbols
(/Users/annasalazar/Library/TinyTeX/texmf-dist/tex/latex/amsfonts/amsfonts.sty
Package: amsfonts 2013/01/14 v3.01 Basic AMSFonts support
\symAMSa=\mathgroup4
\symAMSb=\mathgroup5
LaTeX Font Info:    Redeclaring math symbol \hbar on input line 98.
LaTeX Font Info:    Overwriting math alphabet `\mathfrak' in version `bold'
(Font)                  U/euf/m/n --> U/euf/b/n on input line 106.
)) (/Users/annasalazar/Library/TinyTeX/texmf-dist/tex/latex/lm/lmodern.sty
Package: lmodern 2015/05/01 v1.6.1 Latin Modern Fonts
LaTeX Font Info:    Overwriting symbol font `operators' in version `normal'
(Font)                  OT1/cmr/m/n --> OT1/lmr/m/n on input line 22.
LaTeX Font Info:    Overwriting symbol font `letters' in version `normal'
(Font)                  OML/cmm/m/it --> OML/lmm/m/it on input line 23.
LaTeX Font Info:    Overwriting symbol font `symbols' in version `normal'
(Font)                  OMS/cmsy/m/n --> OMS/lmsy/m/n on input line 24.
LaTeX Font Info:    Overwriting symbol font `largesymbols' in version `normal'
(Font)                  OMX/cmex/m/n --> OMX/lmex/m/n on input line 25.
LaTeX Font Info:    Overwriting symbol font `operators' in version `bold'
(Font)                  OT1/cmr/bx/n --> OT1/lmr/bx/n on input line 26.
LaTeX Font Info:    Overwriting symbol font `letters' in version `bold'
(Font)                  OML/cmm/b/it --> OML/lmm/b/it on input line 27.
LaTeX Font Info:    Overwriting symbol font `symbols' in version `bold'
(Font)                  OMS/cmsy/b/n --> OMS/lmsy/b/n on input line 28.
LaTeX Font Info:    Overwriting symbol font `largesymbols' in version `bold'
(Font)                  OMX/cmex/m/n --> OMX/lmex/m/n on input line 29.
LaTeX Font Info:    Overwriting math alphabet `\mathbf' in version `normal'
(Font)                  OT1/cmr/bx/n --> OT1/lmr/bx/n on input line 31.
LaTeX Font Info:    Overwriting math alphabet `\mathsf' in version `normal'
(Font)                  OT1/cmss/m/n --> OT1/lmss/m/n on input line 32.
LaTeX Font Info:    Overwriting math alphabet `\mathit' in version `normal'
(Font)                  OT1/cmr/m/it --> OT1/lmr/m/it on input line 33.
LaTeX Font Info:    Overwriting math alphabet `\mathtt' in version `normal'
(Font)                  OT1/cmtt/m/n --> OT1/lmtt/m/n on input line 34.
LaTeX Font Info:    Overwriting math alphabet `\mathbf' in version `bold'
(Font)                  OT1/cmr/bx/n --> OT1/lmr/bx/n on input line 35.
LaTeX Font Info:    Overwriting math alphabet `\mathsf' in version `bold'
(Font)                  OT1/cmss/bx/n --> OT1/lmss/bx/n on input line 36.
LaTeX Font Info:    Overwriting math alphabet `\mathit' in version `bold'
(Font)                  OT1/cmr/bx/it --> OT1/lmr/bx/it on input line 37.
LaTeX Font Info:    Overwriting math alphabet `\mathtt' in version `bold'
(Font)                  OT1/cmtt/m/n --> OT1/lmtt/m/n on input line 38.
) (/Users/annasalazar/Library/TinyTeX/texmf-dist/tex/generic/iftex/iftex.sty
Package: iftex 2022/02/03 v1.0f TeX engine tests
) (/Users/annasalazar/Library/TinyTeX/texmf-dist/tex/latex/base/fontenc.sty
Package: fontenc 2021/04/29 v2.0v Standard LaTeX package
LaTeX Font Info:    Trying to load font information for T1+lmr on input line 112.
(/Users/annasalazar/Library/TinyTeX/texmf-dist/tex/latex/lm/t1lmr.fd
File: t1lmr.fd 2015/05/01 v1.6.1 Font defs for Latin Modern
)) (/Users/annasalazar/Library/TinyTeX/texmf-dist/tex/latex/base/inputenc.sty
Package: inputenc 2021/02/14 v1.3d Input encoding file
\inpenc@prehook=\toks21
\inpenc@posthook=\toks22
) (/Users/annasalazar/Library/TinyTeX/texmf-dist/tex/latex/base/textcomp.sty
Package: textcomp 2020/02/02 v2.0n Standard LaTeX package
) (/Users/annasalazar/Library/TinyTeX/texmf-dist/tex/latex/xcolor/xcolor.sty
Package: xcolor 2022/06/12 v2.14 LaTeX color extensions (UK)
(/Users/annasalazar/Library/TinyTeX/texmf-dist/tex/latex/graphics-cfg/color.cfg
File: color.cfg 2016/01/02 v1.6 sample color configuration
)
Package xcolor Info: Driver file: pdftex.def on input line 227.
(/Users/annasalazar/Library/TinyTeX/texmf-dist/tex/latex/graphics-def/pdftex.def
File: pdftex.def 2020/10/05 v1.2a Graphics/color driver for pdftex
) (/Users/annasalazar/Library/TinyTeX/texmf-dist/tex/latex/graphics/mathcolor.ltx)
Package xcolor Info: Model `cmy' substituted by `cmy0' on input line 1353.
Package xcolor Info: Model `hsb' substituted by `rgb' on input line 1357.
Package xcolor Info: Model `RGB' extended on input line 1369.
Package xcolor Info: Model `HTML' substituted by `rgb' on input line 1371.
Package xcolor Info: Model `Hsb' substituted by `hsb' on input line 1372.
Package xcolor Info: Model `tHsb' substituted by `hsb' on input line 1373.
Package xcolor Info: Model `HSB' substituted by `hsb' on input line 1374.
Package xcolor Info: Model `Gray' substituted by `gray' on input line 1375.
Package xcolor Info: Model `wave' substituted by `hsb' on input line 1376.
) (/Users/annasalazar/Library/TinyTeX/texmf-dist/tex/latex/hyperref/hyperref.sty
Package: hyperref 2022-06-20 v7.00s Hypertext links for LaTeX
(/Users/annasalazar/Library/TinyTeX/texmf-dist/tex/generic/ltxcmds/ltxcmds.sty
Package: ltxcmds 2020-05-10 v1.25 LaTeX kernel commands for general use (HO)
) (/Users/annasalazar/Library/TinyTeX/texmf-dist/tex/generic/pdftexcmds/pdftexcmds.sty
Package: pdftexcmds 2020-06-27 v0.33 Utility functions of pdfTeX for LuaTeX (HO)
(/Users/annasalazar/Library/TinyTeX/texmf-dist/tex/generic/infwarerr/infwarerr.sty
Package: infwarerr 2019/12/03 v1.5 Providing info/warning/error messages (HO)
)
Package pdftexcmds Info: \pdf@primitive is available.
Package pdftexcmds Info: \pdf@ifprimitive is available.
Package pdftexcmds Info: \pdfdraftmode found.
) (/Users/annasalazar/Library/TinyTeX/texmf-dist/tex/latex/graphics/keyval.sty
Package: keyval 2022/05/29 v1.15 key=value parser (DPC)
\KV@toks@=\toks23
) (/Users/annasalazar/Library/TinyTeX/texmf-dist/tex/generic/kvsetkeys/kvsetkeys.sty
Package: kvsetkeys 2019/12/15 v1.18 Key value parser (HO)
) (/Users/annasalazar/Library/TinyTeX/texmf-dist/tex/generic/kvdefinekeys/kvdefinekeys.sty
Package: kvdefinekeys 2019-12-19 v1.6 Define keys (HO)
) (/Users/annasalazar/Library/TinyTeX/texmf-dist/tex/generic/pdfescape/pdfescape.sty
Package: pdfescape 2019/12/09 v1.15 Implements pdfTeX's escape features (HO)
) (/Users/annasalazar/Library/TinyTeX/texmf-dist/tex/latex/hycolor/hycolor.sty
Package: hycolor 2020-01-27 v1.10 Color options for hyperref/bookmark (HO)
) (/Users/annasalazar/Library/TinyTeX/texmf-dist/tex/latex/letltxmacro/letltxmacro.sty
Package: letltxmacro 2019/12/03 v1.6 Let assignment for LaTeX macros (HO)
) (/Users/annasalazar/Library/TinyTeX/texmf-dist/tex/latex/auxhook/auxhook.sty
Package: auxhook 2019-12-17 v1.6 Hooks for auxiliary files (HO)
) (/Users/annasalazar/Library/TinyTeX/texmf-dist/tex/latex/hyperref/nameref.sty
Package: nameref 2022-05-17 v2.50 Cross-referencing by name of section
(/Users/annasalazar/Library/TinyTeX/texmf-dist/tex/latex/refcount/refcount.sty
Package: refcount 2019/12/15 v3.6 Data extraction from label references (HO)
) (/Users/annasalazar/Library/TinyTeX/texmf-dist/tex/generic/gettitlestring/gettitlestring.sty
Package: gettitlestring 2019/12/15 v1.6 Cleanup title references (HO)
(/Users/annasalazar/Library/TinyTeX/texmf-dist/tex/latex/kvoptions/kvoptions.sty
Package: kvoptions 2022-06-15 v3.15 Key value format for package options (HO)
))
\c@section@level=\count271
)
\@linkdim=\dimen148
\Hy@linkcounter=\count272
\Hy@pagecounter=\count273
(/Users/annasalazar/Library/TinyTeX/texmf-dist/tex/latex/hyperref/pd1enc.def
File: pd1enc.def 2022-06-20 v7.00s Hyperref: PDFDocEncoding definition (HO)
Now handling font encoding PD1 ...
... no UTF-8 mapping file for font encoding PD1
) (/Users/annasalazar/Library/TinyTeX/texmf-dist/tex/generic/intcalc/intcalc.sty
Package: intcalc 2019/12/15 v1.3 Expandable calculations with integers (HO)
) (/Users/annasalazar/Library/TinyTeX/texmf-dist/tex/generic/etexcmds/etexcmds.sty
Package: etexcmds 2019/12/15 v1.7 Avoid name clashes with e-TeX commands (HO)
)
\Hy@SavedSpaceFactor=\count274
(/Users/annasalazar/Library/TinyTeX/texmf-dist/tex/latex/hyperref/puenc.def
File: puenc.def 2022-06-20 v7.00s Hyperref: PDF Unicode definition (HO)
Now handling font encoding PU ...
... no UTF-8 mapping file for font encoding PU
)
Package hyperref Info: Option `unicode' set `true' on input line 4045.
Package hyperref Info: Hyper figures OFF on input line 4162.
Package hyperref Info: Link nesting OFF on input line 4167.
Package hyperref Info: Hyper index ON on input line 4170.
Package hyperref Info: Plain pages OFF on input line 4177.
Package hyperref Info: Backreferencing OFF on input line 4182.
Package hyperref Info: Implicit mode ON; LaTeX internals redefined.
Package hyperref Info: Bookmarks ON on input line 4408.
\c@Hy@tempcnt=\count275
(/Users/annasalazar/Library/TinyTeX/texmf-dist/tex/latex/url/url.sty
\Urlmuskip=\muskip17
Package: url 2013/09/16  ver 3.4  Verb mode for urls, etc.
)
LaTeX Info: Redefining \url on input line 4746.
\XeTeXLinkMargin=\dimen149
(/Users/annasalazar/Library/TinyTeX/texmf-dist/tex/generic/bitset/bitset.sty
Package: bitset 2019/12/09 v1.3 Handle bit-vector datatype (HO)
(/Users/annasalazar/Library/TinyTeX/texmf-dist/tex/generic/bigintcalc/bigintcalc.sty
Package: bigintcalc 2019/12/15 v1.5 Expandable calculations on big integers (HO)
))
\Fld@menulength=\count276
\Field@Width=\dimen150
\Fld@charsize=\dimen151
Package hyperref Info: Hyper figures OFF on input line 6024.
Package hyperref Info: Link nesting OFF on input line 6029.
Package hyperref Info: Hyper index ON on input line 6032.
Package hyperref Info: backreferencing OFF on input line 6039.
Package hyperref Info: Link coloring OFF on input line 6044.
Package hyperref Info: Link coloring with OCG OFF on input line 6049.
Package hyperref Info: PDF/A mode OFF on input line 6054.
(/Users/annasalazar/Library/TinyTeX/texmf-dist/tex/latex/base/atbegshi-ltx.sty
Package: atbegshi-ltx 2021/01/10 v1.0c Emulation of the original atbegshi
package with kernel methods
)
\Hy@abspage=\count277
\c@Item=\count278
\c@Hfootnote=\count279
)
Package hyperref Info: Driver (autodetected): hpdftex.
(/Users/annasalazar/Library/TinyTeX/texmf-dist/tex/latex/hyperref/hpdftex.def
File: hpdftex.def 2022-06-20 v7.00s Hyperref driver for pdfTeX
(/Users/annasalazar/Library/TinyTeX/texmf-dist/tex/latex/base/atveryend-ltx.sty
Package: atveryend-ltx 2020/08/19 v1.0a Emulation of the original atveryend package
with kernel methods
)
\Fld@listcount=\count280
\c@bookmark@seq@number=\count281
(/Users/annasalazar/Library/TinyTeX/texmf-dist/tex/latex/rerunfilecheck/rerunfilecheck.sty
Package: rerunfilecheck 2022-07-10 v1.10 Rerun checks for auxiliary files (HO)
(/Users/annasalazar/Library/TinyTeX/texmf-dist/tex/generic/uniquecounter/uniquecounter.sty
Package: uniquecounter 2019/12/15 v1.4 Provide unlimited unique counter (HO)
)
Package uniquecounter Info: New unique counter `rerunfilecheck' on input line 285.
)
\Hy@SectionHShift=\skip52
) (/Users/annasalazar/Library/TinyTeX/texmf-dist/tex/latex/geometry/geometry.sty
Package: geometry 2020/01/02 v5.9 Page Geometry
(/Users/annasalazar/Library/TinyTeX/texmf-dist/tex/generic/iftex/ifvtex.sty
Package: ifvtex 2019/10/25 v1.7 ifvtex legacy package. Use iftex instead.
)
\Gm@cnth=\count282
\Gm@cntv=\count283
\c@Gm@tempcnt=\count284
\Gm@bindingoffset=\dimen152
\Gm@wd@mp=\dimen153
\Gm@odd@mp=\dimen154
\Gm@even@mp=\dimen155
\Gm@layoutwidth=\dimen156
\Gm@layoutheight=\dimen157
\Gm@layouthoffset=\dimen158
\Gm@layoutvoffset=\dimen159
\Gm@dimlist=\toks24
) (/Users/annasalazar/Library/TinyTeX/texmf-dist/tex/latex/tools/longtable.sty
Package: longtable 2021-09-01 v4.17 Multi-page Table package (DPC)
\LTleft=\skip53
\LTright=\skip54
\LTpre=\skip55
\LTpost=\skip56
\LTchunksize=\count285
\LTcapwidth=\dimen160
\LT@head=\box53
\LT@firsthead=\box54
\LT@foot=\box55
\LT@lastfoot=\box56
\LT@gbox=\box57
\LT@cols=\count286
\LT@rows=\count287
\c@LT@tables=\count288
\c@LT@chunks=\count289
\LT@p@ftn=\toks25
) (/Users/annasalazar/Library/TinyTeX/texmf-dist/tex/latex/booktabs/booktabs.sty
Package: booktabs 2020/01/12 v1.61803398 Publication quality tables
\heavyrulewidth=\dimen161
\lightrulewidth=\dimen162
\cmidrulewidth=\dimen163
\belowrulesep=\dimen164
\belowbottomsep=\dimen165
\aboverulesep=\dimen166
\abovetopsep=\dimen167
\cmidrulesep=\dimen168
\cmidrulekern=\dimen169
\defaultaddspace=\dimen170
\@cmidla=\count290
\@cmidlb=\count291
\@aboverulesep=\dimen171
\@belowrulesep=\dimen172
\@thisruleclass=\count292
\@lastruleclass=\count293
\@thisrulewidth=\dimen173
) (/Users/annasalazar/Library/TinyTeX/texmf-dist/tex/latex/tools/array.sty
Package: array 2022/03/10 v2.5f Tabular extension package (FMi)
\col@sep=\dimen174
\ar@mcellbox=\box58
\extrarowheight=\dimen175
\NC@list=\toks26
\extratabsurround=\skip57
\backup@length=\skip58
\ar@cellbox=\box59
) (/Users/annasalazar/Library/TinyTeX/texmf-dist/tex/latex/tools/calc.sty
Package: calc 2017/05/25 v4.3 Infix arithmetic (KKT,FJ)
\calc@Acount=\count294
\calc@Bcount=\count295
\calc@Adimen=\dimen176
\calc@Bdimen=\dimen177
\calc@Askip=\skip59
\calc@Bskip=\skip60
LaTeX Info: Redefining \setlength on input line 80.
LaTeX Info: Redefining \addtolength on input line 81.
\calc@Ccount=\count296
\calc@Cskip=\skip61
) (/Users/annasalazar/Library/TinyTeX/texmf-dist/tex/latex/etoolbox/etoolbox.sty
Package: etoolbox 2020/10/05 v2.5k e-TeX tools for LaTeX (JAW)
\etb@tempcnta=\count297
) (/Users/annasalazar/Library/TinyTeX/texmf-dist/tex/latex/mdwtools/footnote.sty
Package: footnote 1997/01/28 1.13 Save footnotes around boxes
\fn@notes=\box60
\fn@width=\dimen178
) (/Users/annasalazar/Library/TinyTeX/texmf-dist/tex/latex/graphics/graphicx.sty
Package: graphicx 2021/09/16 v1.2d Enhanced LaTeX Graphics (DPC,SPQR)
(/Users/annasalazar/Library/TinyTeX/texmf-dist/tex/latex/graphics/graphics.sty
Package: graphics 2022/03/10 v1.4e Standard LaTeX Graphics (DPC,SPQR)
(/Users/annasalazar/Library/TinyTeX/texmf-dist/tex/latex/graphics/trig.sty
Package: trig 2021/08/11 v1.11 sin cos tan (DPC)
) (/Users/annasalazar/Library/TinyTeX/texmf-dist/tex/latex/graphics-cfg/graphics.cfg
File: graphics.cfg 2016/06/04 v1.11 sample graphics configuration
)
Package graphics Info: Driver file: pdftex.def on input line 107.
)
\Gin@req@height=\dimen179
\Gin@req@width=\dimen180
) (/Users/annasalazar/Library/TinyTeX/texmf-dist/tex/latex/subfig/subfig.sty
Package: subfig 2005/06/28 ver: 1.3 subfig package
(/Users/annasalazar/Library/TinyTeX/texmf-dist/tex/latex/caption/caption.sty
Package: caption 2022/03/01 v3.6b Customizing captions (AR)
(/Users/annasalazar/Library/TinyTeX/texmf-dist/tex/latex/caption/caption3.sty
Package: caption3 2022/03/17 v2.3b caption3 kernel (AR)
\caption@tempdima=\dimen181
\captionmargin=\dimen182
\caption@leftmargin=\dimen183
\caption@rightmargin=\dimen184
\caption@width=\dimen185
\caption@indent=\dimen186
\caption@parindent=\dimen187
\caption@hangindent=\dimen188
Package caption Info: Standard document class detected.
)
\c@caption@flags=\count298
\c@continuedfloat=\count299
Package caption Info: hyperref package is loaded.
Package caption Info: longtable package is loaded.
(/Users/annasalazar/Library/TinyTeX/texmf-dist/tex/latex/caption/ltcaption.sty
Package: ltcaption 2021/01/08 v1.4c longtable captions (AR)
))
\c@KVtest=\count300
\sf@farskip=\skip62
\sf@captopadj=\dimen189
\sf@capskip=\skip63
\sf@nearskip=\skip64
\c@subfigure=\count301
\c@subfigure@save=\count302
\c@lofdepth=\count303
\c@subtable=\count304
\c@subtable@save=\count305
\c@lotdepth=\count306
\sf@top=\skip65
\sf@bottom=\skip66
) (/Users/annasalazar/Library/TinyTeX/texmf-dist/tex/latex/floatrow/floatrow.sty
Package: floatrow 2008/08/02 v0.3b floatrow: float package extension
\c@float@type=\count307
\float@exts=\toks27
\float@box=\box61
\@floatcapt=\box62
Package floatrow Info: Modified float package code loaded on input line 455.
Package floatrow Info: Modified rotfloat package code loaded on input line 473.
\FR@everyfloat=\toks28
\flrow@foot=\insert252
\FB@wd=\dimen190
\FBo@wd=\dimen191
\FBc@wd=\dimen192
\FBo@ht=\skip67
\FBc@ht=\skip68
\FBf@ht=\skip69
\FBo@max=\skip70
\FBc@max=\skip71
\FBf@max=\skip72
\c@FBl@b=\count308
\floatbox@depth=\count309
\c@FRobj=\count310
\c@FRsobj=\count311
\Xhsize=\skip73
\sXhsize=\skip74
\Zhsize=\skip75
\sZhsize=\skip76
\flrow@rowbox=\box63
\FR@Zunitlength=\dimen193
\c@FBcnt=\count312
\FPOScnt=\count313
\LTleft=\skip77
\LTright=\skip78
\LTleft=\skip79
\LTright=\skip80
\flrow@types=\toks29
) (/Users/annasalazar/Library/TinyTeX/texmf-dist/tex/latex/multirow/multirow.sty
Package: multirow 2021/03/15 v2.8 Span multiple rows of a table
\multirow@colwidth=\skip81
\multirow@cntb=\count314
\multirow@dima=\skip82
\bigstrutjot=\dimen194
) (/Users/annasalazar/Library/TinyTeX/texmf-dist/tex/latex/wrapfig/wrapfig.sty
\wrapoverhang=\dimen195
\WF@size=\dimen196
\c@WF@wrappedlines=\count315
\WF@box=\box64
\WF@everypar=\toks30
Package: wrapfig 2003/01/31  v 3.6
) (/Users/annasalazar/Library/TinyTeX/texmf-dist/tex/latex/colortbl/colortbl.sty
Package: colortbl 2022/06/20 v1.0f Color table columns (DPC)
\everycr=\toks31
\minrowclearance=\skip83
\rownum=\count316
) (/Users/annasalazar/Library/TinyTeX/texmf-dist/tex/latex/pdflscape/pdflscape.sty
Package: pdflscape 2019/12/05 v0.12 Display of landscape pages in PDF (HO)
(/Users/annasalazar/Library/TinyTeX/texmf-dist/tex/latex/graphics/lscape.sty
Package: lscape 2020/05/28 v3.02 Landscape Pages (DPC)
)
Package pdflscape Info: Auto-detected driver: pdftex on input line 81.
) (/Users/annasalazar/Library/TinyTeX/texmf-dist/tex/latex/tabu/tabu.sty
Package: tabu 2019/01/11 v2.9 - flexible LaTeX tabulars (FC+tabu-fixed)
(/Users/annasalazar/Library/TinyTeX/texmf-dist/tex/latex/varwidth/varwidth.sty
Package: varwidth 2009/03/30 ver 0.92;  Variable-width minipages
\@vwid@box=\box65
\sift@deathcycles=\count317
\@vwid@loff=\dimen197
\@vwid@roff=\dimen198
)
\c@taburow=\count318
\tabu@nbcols=\count319
\tabu@cnt=\count320
\tabu@Xcol=\count321
\tabu@alloc=\count322
\tabu@nested=\count323
\tabu@target=\dimen199
\tabu@spreadtarget=\dimen256
\tabu@naturalX=\dimen257
\tabucolX=\dimen258
\tabu@Xsum=\dimen259
\extrarowdepth=\dimen260
\abovetabulinesep=\dimen261
\belowtabulinesep=\dimen262
\tabustrutrule=\dimen263
\tabu@thebody=\toks32
\tabu@footnotes=\toks33
\tabu@box=\box66
\tabu@arstrutbox=\box67
\tabu@hleads=\box68
\tabu@vleads=\box69
\tabu@cellskip=\skip84
) (/Users/annasalazar/Library/TinyTeX/texmf-dist/tex/latex/threeparttable/threeparttable.sty
Package: threeparttable 2003/06/13  v 3.0
\@tempboxb=\box70
) (/Users/annasalazar/Library/TinyTeX/texmf-dist/tex/latex/threeparttablex/threeparttablex.sty
Package: threeparttablex 2013/07/23 v0.3 by daleif
(/Users/annasalazar/Library/TinyTeX/texmf-dist/tex/latex/environ/environ.sty
Package: environ 2014/05/04 v0.3 A new way to define environments
(/Users/annasalazar/Library/TinyTeX/texmf-dist/tex/latex/trimspaces/trimspaces.sty
Package: trimspaces 2009/09/17 v1.1 Trim spaces around a token list
))
\TPTL@width=\skip85
) (/Users/annasalazar/Library/TinyTeX/texmf-dist/tex/generic/ulem/ulem.sty
\UL@box=\box71
\UL@hyphenbox=\box72
\UL@skip=\skip86
\UL@hook=\toks34
\UL@height=\dimen264
\UL@pe=\count324
\UL@pixel=\dimen265
\ULC@box=\box73
Package: ulem 2019/11/18
\ULdepth=\dimen266
) (/Users/annasalazar/Library/TinyTeX/texmf-dist/tex/latex/makecell/makecell.sty
Package: makecell 2009/08/03 V0.1e Managing of Tab Column Heads and Cells
\rotheadsize=\dimen267
\c@nlinenum=\count325
\TeXr@lab=\toks35
) (/Users/annasalazar/Library/TinyTeX/texmf-dist/tex/latex/l3backend/l3backend-pdftex.def
File: l3backend-pdftex.def 2022-07-01 L3 backend support: PDF output (pdfTeX)
\l__color_backend_stack_int=\count326
\l__pdf_internal_box=\box74
) (./AnaÌ€lisi-descriptiva.aux)
\openout1 = `AnaÌ€lisi-descriptiva.aux'.

LaTeX Font Info:    Checking defaults for OML/cmm/m/it on input line 99.
LaTeX Font Info:    ... okay on input line 99.
LaTeX Font Info:    Checking defaults for OMS/cmsy/m/n on input line 99.
LaTeX Font Info:    ... okay on input line 99.
LaTeX Font Info:    Checking defaults for OT1/cmr/m/n on input line 99.
LaTeX Font Info:    ... okay on input line 99.
LaTeX Font Info:    Checking defaults for T1/cmr/m/n on input line 99.
LaTeX Font Info:    ... okay on input line 99.
LaTeX Font Info:    Checking defaults for TS1/cmr/m/n on input line 99.
LaTeX Font Info:    ... okay on input line 99.
LaTeX Font Info:    Checking defaults for OMX/cmex/m/n on input line 99.
LaTeX Font Info:    ... okay on input line 99.
LaTeX Font Info:    Checking defaults for U/cmr/m/n on input line 99.
LaTeX Font Info:    ... okay on input line 99.
LaTeX Font Info:    Checking defaults for PD1/pdf/m/n on input line 99.
LaTeX Font Info:    ... okay on input line 99.
LaTeX Font Info:    Checking defaults for PU/pdf/m/n on input line 99.
LaTeX Font Info:    ... okay on input line 99.
(/Users/annasalazar/Library/TinyTeX/texmf-dist/tex/latex/epstopdf-pkg/epstopdf-base.sty
Package: epstopdf-base 2020-01-24 v2.11 Base part for package epstopdf
Package epstopdf-base Info: Redefining graphics rule for `.eps' on input line 485.
(/Users/annasalazar/Library/TinyTeX/texmf-dist/tex/latex/latexconfig/epstopdf-sys.cfg
File: epstopdf-sys.cfg 2010/07/13 v1.3 Configuration of (r)epstopdf for TeX Live
))
Package hyperref Info: Link coloring OFF on input line 99.
(./AnaÌ€lisi-descriptiva.out) (./AnaÌ€lisi-descriptiva.out)
\@outlinefile=\write3
\openout3 = `AnaÌ€lisi-descriptiva.out'.

*geometry* driver: auto-detecting
*geometry* detected driver: pdftex
*geometry* verbose mode - [ preamble ] result:
* driver: pdftex
* paper: <default>
* layout: <same size as paper>
* layoutoffset:(h,v)=(0.0pt,0.0pt)
* modes: 
* h-part:(L,W,R)=(72.26999pt, 469.75502pt, 72.26999pt)
* v-part:(T,H,B)=(72.26999pt, 650.43001pt, 72.26999pt)
* \paperwidth=614.295pt
* \paperheight=794.96999pt
* \textwidth=469.75502pt
* \textheight=650.43001pt
* \oddsidemargin=0.0pt
* \evensidemargin=0.0pt
* \topmargin=-37.0pt
* \headheight=12.0pt
* \headsep=25.0pt
* \topskip=10.0pt
* \footskip=30.0pt
* \marginparwidth=65.0pt
* \marginparsep=11.0pt
* \columnsep=10.0pt
* \skip\footins=9.0pt plus 4.0pt minus 2.0pt
* \hoffset=0.0pt
* \voffset=0.0pt
* \mag=1000
* \@twocolumnfalse
* \@twosidefalse
* \@mparswitchfalse
* \@reversemarginfalse
* (1in=72.27pt=25.4mm, 1cm=28.453pt)

Package caption Info: Begin \AtBeginDocument code.
Package caption Info: subfig package v1.3 is loaded.
Package caption Info: float package is loaded.
Package caption Info: floatrow package is loaded.
Package caption Info: Fixing longtable code of `floatrow' package.
Package caption Info: threeparttable package is loaded.
Package caption Info: wrapfig package is loaded.
Package caption Info: End \AtBeginDocument code.
(/Users/annasalazar/Library/TinyTeX/texmf-dist/tex/latex/floatrow/fr-subfig.sty
Package: fr-subfig 2007/12/24 v0.1g (beta) floatrow: additions for subfig
\FBsc@max=\skip87
\FBso@max=\skip88
) (/Users/annasalazar/Library/TinyTeX/texmf-dist/tex/latex/floatrow/fr-longtable.sty
Package: fr-longtable 2007/11/28 v0.1b (beta) floatrow: additions for longtable
\flrow@LT@lasthead=\box75
\flrow@LT@prelastfoot=\box76
\c@FBLTpage=\count327
)
LaTeX Font Info:    Trying to load font information for OT1+lmr on input line 101.
(/Users/annasalazar/Library/TinyTeX/texmf-dist/tex/latex/lm/ot1lmr.fd
File: ot1lmr.fd 2015/05/01 v1.6.1 Font defs for Latin Modern
)
LaTeX Font Info:    Trying to load font information for OML+lmm on input line 101.
(/Users/annasalazar/Library/TinyTeX/texmf-dist/tex/latex/lm/omllmm.fd
File: omllmm.fd 2015/05/01 v1.6.1 Font defs for Latin Modern
)
LaTeX Font Info:    Trying to load font information for OMS+lmsy on input line 101.
(/Users/annasalazar/Library/TinyTeX/texmf-dist/tex/latex/lm/omslmsy.fd
File: omslmsy.fd 2015/05/01 v1.6.1 Font defs for Latin Modern
)
LaTeX Font Info:    Trying to load font information for OMX+lmex on input line 101.
(/Users/annasalazar/Library/TinyTeX/texmf-dist/tex/latex/lm/omxlmex.fd
File: omxlmex.fd 2015/05/01 v1.6.1 Font defs for Latin Modern
)
LaTeX Font Info:    External font `lmex10' loaded for size
(Font)              <12> on input line 101.
LaTeX Font Info:    External font `lmex10' loaded for size
(Font)              <8> on input line 101.
LaTeX Font Info:    External font `lmex10' loaded for size
(Font)              <6> on input line 101.
LaTeX Font Info:    Trying to load font information for U+msa on input line 101.
(/Users/annasalazar/Library/TinyTeX/texmf-dist/tex/latex/amsfonts/umsa.fd
File: umsa.fd 2013/01/14 v3.01 AMS symbols A
)
LaTeX Font Info:    Trying to load font information for U+msb on input line 101.
(/Users/annasalazar/Library/TinyTeX/texmf-dist/tex/latex/amsfonts/umsb.fd
File: umsb.fd 2013/01/14 v3.01 AMS symbols B
)
<~/Documents/GitHub/TFG/Imatges portada/fme.png, id=76, 436.63126pt x 116.435pt>
File: ~/Documents/GitHub/TFG/Imatges portada/fme.png Graphic file (type png)
<use ~/Documents/GitHub/TFG/Imatges portada/fme.png>
Package pdftex.def Info: ~/Documents/GitHub/TFG/Imatges portada/fme.png  used on input line 104.
(pdftex.def)             Requested size: 234.87793pt x 62.63411pt.
<~/Documents/GitHub/TFG/Imatges portada/UB.png, id=77, 1284.8pt x 386.44376pt>
File: ~/Documents/GitHub/TFG/Imatges portada/UB.png Graphic file (type png)
<use ~/Documents/GitHub/TFG/Imatges portada/UB.png>
Package pdftex.def Info: ~/Documents/GitHub/TFG/Imatges portada/UB.png  used on input line 105.
(pdftex.def)             Requested size: 234.86124pt x 70.64185pt.

Overfull \hbox (2.20636pt too wide) in paragraph at lines 104--106
[][] [] 
 []

[1

{/Users/annasalazar/Library/TinyTeX/texmf-var/fonts/map/pdftex/updmap/pdftex.map} </Users/annasalazar/Documents/GitHub/TFG/Imatges portada/fme.png> </Users/annasalazar/Documents/GitHub/TFG/Imatges portada/UB.png>] (./AnaÌ€lisi-descriptiva.toc
LaTeX Font Info:    External font `lmex10' loaded for size
(Font)              <10> on input line 2.
LaTeX Font Info:    External font `lmex10' loaded for size
(Font)              <7> on input line 2.
LaTeX Font Info:    External font `lmex10' loaded for size
(Font)              <5> on input line 2.
)
\tf@toc=\write4
\openout4 = `AnaÌ€lisi-descriptiva.toc'.


pdfTeX warning (ext4): destination with the same identifier (name{page.}) has been already used, duplicate ignored
<to be read again> 
                   \relax 
l.117 
       [2]
Overfull \hbox (469.75502pt too wide) detected at line 145
 [] 
 []


Underfull \hbox (badness 10000) in alignment at lines 144--155
[] [] []
 []


Underfull \hbox (badness 10000) in alignment at lines 155--165
[] [] []
 []


Overfull \hbox (2.11623pt too wide) in paragraph at lines 166--166
[]|\T1/lmr/m/n/10 Categòrica|  
 []


Overfull \hbox (2.11623pt too wide) in paragraph at lines 167--167
[]|\T1/lmr/m/n/10 Categòrica|  
 []


Overfull \hbox (2.11623pt too wide) in paragraph at lines 170--170
[]|\T1/lmr/m/n/10 Categòrica|  
 []


Overfull \hbox (1.27536pt too wide) in paragraph at lines 172--172
[]|\T1/lmr/m/n/10 DAY_WEEK|  
 []


Overfull \hbox (2.11623pt too wide) in paragraph at lines 172--172
[]|\T1/lmr/m/n/10 Categòrica|  
 []


Overfull \hbox (0.58072pt too wide) in paragraph at lines 175--175
[]|\T1/lmr/m/n/10 DRUNK_DR|  
 []


Underfull \hbox (badness 10000) in alignment at lines 165--178
[] [] []
 []


Overfull \hbox (469.75502pt too wide) detected at line 187
 [] 
 []


Underfull \hbox (badness 10000) in alignment at lines 186--197
[] [] []
 []


Underfull \hbox (badness 10000) in alignment at lines 197--207
[] [] []
 []


Overfull \hbox (2.11623pt too wide) in paragraph at lines 208--208
[]|\T1/lmr/m/n/10 Categòrica|  
 []


Overfull \hbox (2.11623pt too wide) in paragraph at lines 210--210
[]|\T1/lmr/m/n/10 Categòrica|  
 []


Overfull \hbox (2.11623pt too wide) in paragraph at lines 213--213
[]|\T1/lmr/m/n/10 Categòrica|  
 []


Overfull \hbox (2.11623pt too wide) in paragraph at lines 215--215
[]|\T1/lmr/m/n/10 Categòrica|  
 []


Overfull \hbox (2.11623pt too wide) in paragraph at lines 217--217
[]|\T1/lmr/m/n/10 Categòrica|  
 []


Underfull \hbox (badness 10000) in alignment at lines 207--220
[] [] []
 []


Overfull \hbox (469.75502pt too wide) detected at line 229
 [] 
 []


Underfull \hbox (badness 10000) in alignment at lines 228--239
[] [] []
 []


Underfull \hbox (badness 10000) in alignment at lines 239--249
[] [] []
 []


Overfull \hbox (2.11623pt too wide) in paragraph at lines 250--250
[]|\T1/lmr/m/n/10 Categòrica|  
 []


Overfull \hbox (2.11623pt too wide) in paragraph at lines 253--253
[]|\T1/lmr/m/n/10 Categòrica|  
 []


Overfull \hbox (2.11623pt too wide) in paragraph at lines 257--257
[]|\T1/lmr/m/n/10 Categòrica|  
 []


Underfull \hbox (badness 10000) in alignment at lines 249--260
[] [] []
 []

[1]
LaTeX Font Info:    Trying to load font information for TS1+lmr on input line 271.
(/Users/annasalazar/Library/TinyTeX/texmf-dist/tex/latex/lm/ts1lmr.fd
File: ts1lmr.fd 2015/05/01 v1.6.1 Font defs for Latin Modern
) [2]
LaTeX Font Info:    Trying to load font information for T1+lmtt on input line 295.
(/Users/annasalazar/Library/TinyTeX/texmf-dist/tex/latex/lm/t1lmtt.fd
File: t1lmtt.fd 2015/05/01 v1.6.1 Font defs for Latin Modern
)
Overfull \hbox (469.75502pt too wide) detected at line 308
 [] 
 []


Underfull \hbox (badness 10000) in alignment at lines 306--318
[] [] []
 []


Underfull \hbox (badness 10000) in alignment at lines 318--328
[] [] []
 []


Overfull \hbox (6.06654pt too wide) in paragraph at lines 331--331
[]|\T1/lmr/m/n/10 NO_VEHICLE|  
 []


Overfull \hbox (2.11623pt too wide) in paragraph at lines 332--332
[]|\T1/lmr/m/n/10 Categòrica|  
 []


Underfull \hbox (badness 10000) in alignment at lines 328--335
[] [] []
 []


Overfull \hbox (469.75502pt too wide) detected at line 356
 [] 
 []


Underfull \hbox (badness 10000) in alignment at lines 354--366
[] [] []
 []


Underfull \hbox (badness 10000) in alignment at lines 366--376
[] [] []
 []


Overfull \hbox (1.62198pt too wide) in paragraph at lines 377--377
[]|\T1/lmr/m/n/10 NO_FUGITS|  
 []


Underfull \hbox (badness 10000) in alignment at lines 376--380
[] [] []
 []

[3] [4]
<AnaÌ€lisi-descriptiva_files/figure-latex/unnamed-chunk-10-1.pdf, id=145, 459.7175pt x 313.17pt>
File: AnaÌ€lisi-descriptiva_files/figure-latex/unnamed-chunk-10-1.pdf Graphic file (type pdf)
<use AnaÌ€lisi-descriptiva_files/figure-latex/unnamed-chunk-10-1.pdf>
Package pdftex.def Info: AnaÌ€lisi-descriptiva_files/figure-latex/unnamed-chunk-10-1.pdf  used on input line 546.
(pdftex.def)             Requested size: 234.8807pt x 160.00607pt.
<AnaÌ€lisi-descriptiva_files/figure-latex/unnamed-chunk-12-1.pdf, id=146, 459.7175pt x 313.17pt>
File: AnaÌ€lisi-descriptiva_files/figure-latex/unnamed-chunk-12-1.pdf Graphic file (type pdf)
<use AnaÌ€lisi-descriptiva_files/figure-latex/unnamed-chunk-12-1.pdf>
Package pdftex.def Info: AnaÌ€lisi-descriptiva_files/figure-latex/unnamed-chunk-12-1.pdf  used on input line 566.
(pdftex.def)             Requested size: 234.8807pt x 160.00607pt.

LaTeX Warning: `!h' float specifier changed to `!ht'.

[5 <./AnaÌ€lisi-descriptiva_files/figure-latex/unnamed-chunk-10-1.pdf> <./AnaÌ€lisi-descriptiva_files/figure-latex/unnamed-chunk-12-1.pdf>] [6]
Underfull \hbox (badness 10000) in alignment at lines 692--704
[] [] [] []
 []


Underfull \hbox (badness 10000) in alignment at lines 704--719
[] [] [] []
 []

<AnaÌ€lisi-descriptiva_files/figure-latex/unnamed-chunk-24-1.pdf, id=178, 361.35pt x 302.12875pt>
File: AnaÌ€lisi-descriptiva_files/figure-latex/unnamed-chunk-24-1.pdf Graphic file (type pdf)
<use AnaÌ€lisi-descriptiva_files/figure-latex/unnamed-chunk-24-1.pdf>
Package pdftex.def Info: AnaÌ€lisi-descriptiva_files/figure-latex/unnamed-chunk-24-1.pdf  used on input line 722.
(pdftex.def)             Requested size: 234.88023pt x 196.38596pt.

Overfull \hbox (57.05135pt too wide) in paragraph at lines 722--722
[] [] 
 []


Overfull \hbox (57.05135pt too wide) in paragraph at lines 722--722
[] [] 
 []

<AnaÌ€lisi-descriptiva_files/figure-latex/unnamed-chunk-24-2.pdf, id=179, 407.5225pt x 325.215pt>
File: AnaÌ€lisi-descriptiva_files/figure-latex/unnamed-chunk-24-2.pdf Graphic file (type pdf)
<use AnaÌ€lisi-descriptiva_files/figure-latex/unnamed-chunk-24-2.pdf>
Package pdftex.def Info: AnaÌ€lisi-descriptiva_files/figure-latex/unnamed-chunk-24-2.pdf  used on input line 722.
(pdftex.def)             Requested size: 234.87704pt x 187.43881pt.

Overfull \hbox (57.05295pt too wide) in paragraph at lines 722--722
[] [] 
 []


Overfull \hbox (57.05295pt too wide) in paragraph at lines 722--722
[] [] 
 []


Overfull \hbox (6.66891pt too wide) in paragraph at lines 722--722
 [][][][] 
 []

[7 <./AnaÌ€lisi-descriptiva_files/figure-latex/unnamed-chunk-24-1.pdf> <./AnaÌ€lisi-descriptiva_files/figure-latex/unnamed-chunk-24-2.pdf>]
Underfull \hbox (badness 10000) in alignment at lines 736--748
[] [] [] []
 []


Underfull \hbox (badness 10000) in alignment at lines 748--763
[] [] [] []
 []

<AnaÌ€lisi-descriptiva_files/figure-latex/unnamed-chunk-25-1.pdf, id=203, 385.44pt x 302.12875pt>
File: AnaÌ€lisi-descriptiva_files/figure-latex/unnamed-chunk-25-1.pdf Graphic file (type pdf)
<use AnaÌ€lisi-descriptiva_files/figure-latex/unnamed-chunk-25-1.pdf>
Package pdftex.def Info: AnaÌ€lisi-descriptiva_files/figure-latex/unnamed-chunk-25-1.pdf  used on input line 766.
(pdftex.def)             Requested size: 234.87692pt x 184.10925pt.

Overfull \hbox (57.05301pt too wide) in paragraph at lines 766--766
[] [] 
 []


Overfull \hbox (57.05301pt too wide) in paragraph at lines 766--766
[] [] 
 []

<AnaÌ€lisi-descriptiva_files/figure-latex/unnamed-chunk-25-2.pdf, id=204, 407.5225pt x 325.215pt>
File: AnaÌ€lisi-descriptiva_files/figure-latex/unnamed-chunk-25-2.pdf Graphic file (type pdf)
<use AnaÌ€lisi-descriptiva_files/figure-latex/unnamed-chunk-25-2.pdf>
Package pdftex.def Info: AnaÌ€lisi-descriptiva_files/figure-latex/unnamed-chunk-25-2.pdf  used on input line 766.
(pdftex.def)             Requested size: 234.87704pt x 187.43881pt.

Overfull \hbox (57.05295pt too wide) in paragraph at lines 766--766
[] [] 
 []


Overfull \hbox (57.05295pt too wide) in paragraph at lines 766--766
[] [] 
 []


Overfull \hbox (6.6656pt too wide) in paragraph at lines 766--766
 [][][][] 
 []

[8 <./AnaÌ€lisi-descriptiva_files/figure-latex/unnamed-chunk-25-1.pdf> <./AnaÌ€lisi-descriptiva_files/figure-latex/unnamed-chunk-25-2.pdf>]
Overfull \hbox (469.75502pt too wide) detected at line 786
 [] 
 []


Underfull \hbox (badness 10000) in alignment at lines 785--796
[] [] []
 []


Underfull \hbox (badness 10000) in alignment at lines 796--806
[] [] []
 []


Overfull \hbox (6.06654pt too wide) in paragraph at lines 814--814
[]|\T1/lmr/m/n/10 NO_VEHICLE|  
 []


Underfull \hbox (badness 10000) in alignment at lines 806--816
[] [] []
 []


Overfull \hbox (469.75502pt too wide) detected at line 851
 [] 
 []


Underfull \hbox (badness 10000) in alignment at lines 850--861
[] [] []
 []


Underfull \hbox (badness 10000) in alignment at lines 861--871
[] [] []
 []


Overfull \hbox (6.06654pt too wide) in paragraph at lines 879--879
[]|\T1/lmr/m/n/10 NO_VEHICLE|  
 []


Underfull \hbox (badness 10000) in alignment at lines 871--884
[] [] []
 []


LaTeX Warning: `!h' float specifier changed to `!ht'.

[9]
Underfull \hbox (badness 10000) in alignment at lines 932--946
[] [] [] [] []
 []


Underfull \hbox (badness 10000) in alignment at lines 946--982
[] [] [] [] []
 []


Underfull \hbox (badness 10000) in alignment at lines 993--1007
[] [] [] [] []
 []


Underfull \hbox (badness 10000) in alignment at lines 1007--1027
[] [] [] [] []
 []

[10]
Underfull \hbox (badness 10000) in alignment at lines 1134--1148
[] [] [] [] []
 []


Underfull \hbox (badness 10000) in alignment at lines 1148--1166
[] [] [] [] []
 []


Underfull \hbox (badness 10000) in alignment at lines 1176--1190
[] [] [] [] []
 []


Underfull \hbox (badness 10000) in alignment at lines 1190--1210
[] [] [] [] []
 []


Underfull \hbox (badness 10000) in alignment at lines 1220--1234
[] [] [] [] []
 []


Underfull \hbox (badness 10000) in alignment at lines 1234--1252
[] [] [] [] []
 []

[11]

Package hyperref Warning: Difference (2) between bookmark levels is greater 
(hyperref)                than one, level fixed on input line 1262.

<~/Documents/GitHub/TFG/Data Studio/GraÌ€fics/Graph1.png, id=256, 811.03pt x 431.6125pt>
File: ~/Documents/GitHub/TFG/Data Studio/GraÌ€fics/Graph1.png Graphic file (type png)
<use ~/Documents/GitHub/TFG/Data Studio/GraÌ€fics/Graph1.png>
Package pdftex.def Info: ~/Documents/GitHub/TFG/Data Studio/GraÌ€fics/Graph1.png  used on input line 1266.
(pdftex.def)             Requested size: 234.87091pt x 124.99318pt.
<~/Documents/GitHub/TFG/Data Studio/GraÌ€fics/Graph2.png, id=257, 943.525pt x 485.815pt>
File: ~/Documents/GitHub/TFG/Data Studio/GraÌ€fics/Graph2.png Graphic file (type png)
<use ~/Documents/GitHub/TFG/Data Studio/GraÌ€fics/Graph2.png>
Package pdftex.def Info: ~/Documents/GitHub/TFG/Data Studio/GraÌ€fics/Graph2.png  used on input line 1279.
(pdftex.def)             Requested size: 234.87288pt x 120.93454pt.
</Users/annasalazar/Documents/GitHub/TFG/Data Studio/GraÌ€fics/Graph6.png, id=258, 784.9325pt x 505.89pt>
File: /Users/annasalazar/Documents/GitHub/TFG/Data Studio/GraÌ€fics/Graph6.png Graphic file (type png)
<use /Users/annasalazar/Documents/GitHub/TFG/Data Studio/GraÌ€fics/Graph6.png>
Package pdftex.def Info: /Users/annasalazar/Documents/GitHub/TFG/Data Studio/GraÌ€fics/Graph6.png  used on input line 1295.
(pdftex.def)             Requested size: 230.1757pt x 148.34853pt.

Overfull \hbox (59.40361pt too wide) in paragraph at lines 1295--1295
[] [] 
 []


Overfull \hbox (59.40361pt too wide) in paragraph at lines 1295--1295
[] [] 
 []

</Users/annasalazar/Documents/GitHub/TFG/Data Studio/GraÌ€fics/Graph3_1.png, id=259, 716.6775pt x 499.8675pt>
File: /Users/annasalazar/Documents/GitHub/TFG/Data Studio/GraÌ€fics/Graph3_1.png Graphic file (type png)
<use /Users/annasalazar/Documents/GitHub/TFG/Data Studio/GraÌ€fics/Graph3_1.png>
Package pdftex.def Info: /Users/annasalazar/Documents/GitHub/TFG/Data Studio/GraÌ€fics/Graph3_1.png  used on input line 1295.
(pdftex.def)             Requested size: 230.18353pt x 160.54817pt.

Overfull \hbox (59.3997pt too wide) in paragraph at lines 1295--1295
[] [] 
 []


Overfull \hbox (59.3997pt too wide) in paragraph at lines 1295--1295
[] [] 
 []

<~/Documents/GitHub/TFG/Data Studio/GraÌ€fics/Graph5.png, id=260, 929.4725pt x 638.385pt>
File: ~/Documents/GitHub/TFG/Data Studio/GraÌ€fics/Graph5.png Graphic file (type png)
<use ~/Documents/GitHub/TFG/Data Studio/GraÌ€fics/Graph5.png>
Package pdftex.def Info: ~/Documents/GitHub/TFG/Data Studio/GraÌ€fics/Graph5.png  used on input line 1307.
(pdftex.def)             Requested size: 234.87787pt x 161.31999pt.
<~/Documents/GitHub/TFG/Data Studio/GraÌ€fics/Graph7.png, id=261, 843.15pt x 616.3025pt>
File: ~/Documents/GitHub/TFG/Data Studio/GraÌ€fics/Graph7.png Graphic file (type png)
<use ~/Documents/GitHub/TFG/Data Studio/GraÌ€fics/Graph7.png>
Package pdftex.def Info: ~/Documents/GitHub/TFG/Data Studio/GraÌ€fics/Graph7.png  used on input line 1313.
(pdftex.def)             Requested size: 234.87103pt x 171.67953pt.
[12 </Users/annasalazar/Documents/GitHub/TFG/Data Studio/GraÌ€fics/Graph1.png> </Users/annasalazar/Documents/GitHub/TFG/Data Studio/GraÌ€fics/Graph2.png>] [13 </Users/annasalazar/Documents/GitHub/TFG/Data Studio/GraÌ€fics/Graph6.png> </Users/annasalazar/Documents/GitHub/TFG/Data Studio/GraÌ€fics/Graph3_1.png> </Users/annasalazar/Documents/GitHub/TFG/Data Studio/GraÌ€fics/Graph5.png> </Users/annasalazar/Documents/GitHub/TFG/Data Studio/GraÌ€fics/Graph7.png>]
<~/Documents/GitHub/TFG/Data Studio/GraÌ€fics/Graph9.png, id=279, 782.925pt x 499.8675pt>
File: ~/Documents/GitHub/TFG/Data Studio/GraÌ€fics/Graph9.png Graphic file (type png)
<use ~/Documents/GitHub/TFG/Data Studio/GraÌ€fics/Graph9.png>
Package pdftex.def Info: ~/Documents/GitHub/TFG/Data Studio/GraÌ€fics/Graph9.png  used on input line 1326.
(pdftex.def)             Requested size: 234.86737pt x 149.95377pt.
<~/Documents/GitHub/TFG/Data Studio/GraÌ€fics/Graph8_1.png, id=280, 716.6775pt x 499.8675pt>
File: ~/Documents/GitHub/TFG/Data Studio/GraÌ€fics/Graph8_1.png Graphic file (type png)
<use ~/Documents/GitHub/TFG/Data Studio/GraÌ€fics/Graph8_1.png>
Package pdftex.def Info: ~/Documents/GitHub/TFG/Data Studio/GraÌ€fics/Graph8_1.png  used on input line 1333.
(pdftex.def)             Requested size: 234.87491pt x 163.8203pt.
<~/Documents/GitHub/TFG/Data Studio/GraÌ€fics/Graph11.png, id=281, 716.6775pt x 499.8675pt>
File: ~/Documents/GitHub/TFG/Data Studio/GraÌ€fics/Graph11.png Graphic file (type png)
<use ~/Documents/GitHub/TFG/Data Studio/GraÌ€fics/Graph11.png>
Package pdftex.def Info: ~/Documents/GitHub/TFG/Data Studio/GraÌ€fics/Graph11.png  used on input line 1340.
(pdftex.def)             Requested size: 234.87491pt x 163.8203pt.
<~/Documents/GitHub/TFG/Data Studio/GraÌ€fics/Table1.png, id=282, 999.735pt x 283.0575pt>
File: ~/Documents/GitHub/TFG/Data Studio/GraÌ€fics/Table1.png Graphic file (type png)
<use ~/Documents/GitHub/TFG/Data Studio/GraÌ€fics/Table1.png>
Package pdftex.def Info: ~/Documents/GitHub/TFG/Data Studio/GraÌ€fics/Table1.png  used on input line 1347.
(pdftex.def)             Requested size: 234.87674pt x 66.50124pt.
[14 </Users/annasalazar/Documents/GitHub/TFG/Data Studio/GraÌ€fics/Graph9.png> </Users/annasalazar/Documents/GitHub/TFG/Data Studio/GraÌ€fics/Graph8_1.png>] [15 </Users/annasalazar/Documents/GitHub/TFG/Data Studio/GraÌ€fics/Graph11.png> </Users/annasalazar/Documents/GitHub/TFG/Data Studio/GraÌ€fics/Table1.png>] (./AnaÌ€lisi-descriptiva.aux)
Package rerunfilecheck Info: File `AnaÌ€lisi-descriptiva.out' has not changed.
(rerunfilecheck)             Checksum: E0B884AC983D8FE46F33EFC76178F90B;3280.
 ) 
Here is how much of TeX's memory you used:
 15098 strings out of 479983
 251503 string characters out of 5886720
 563774 words of memory out of 5000000
 32909 multiletter control sequences out of 15000+600000
 525584 words of font info for 72 fonts, out of 8000000 for 9000
 14 hyphenation exceptions out of 8191
 72i,10n,79p,511b,616s stack positions out of 10000i,1000n,20000p,200000b,200000s
{/Users/annasalazar/Library/TinyTeX/texmf-dist/fonts/enc/dvips/lm/lm-ec.enc}{/Users/annasalazar/Library/TinyTeX/texmf-dist/fonts/enc/dvips/lm/lm-rm.enc}{/Users/annasalazar/Library/TinyTeX/texmf-dist/fonts/enc/dvips/lm/lm-ts1.enc}</Users/annasalazar/Library/TinyTeX/texmf-dist/fonts/type1/public/lm/lmbx10.pfb></Users/annasalazar/Library/TinyTeX/texmf-dist/fonts/type1/public/lm/lmbx12.pfb></Users/annasalazar/Library/TinyTeX/texmf-dist/fonts/type1/public/lm/lmbx8.pfb></Users/annasalazar/Library/TinyTeX/texmf-dist/fonts/type1/public/lm/lmr10.pfb></Users/annasalazar/Library/TinyTeX/texmf-dist/fonts/type1/public/lm/lmr12.pfb></Users/annasalazar/Library/TinyTeX/texmf-dist/fonts/type1/public/lm/lmr17.pfb></Users/annasalazar/Library/TinyTeX/texmf-dist/fonts/type1/public/lm/lmr8.pfb></Users/annasalazar/Library/TinyTeX/texmf-dist/fonts/type1/public/lm/lmri10.pfb></Users/annasalazar/Library/TinyTeX/texmf-dist/fonts/type1/public/lm/lmtt10.pfb>
Output written on AnaÌ€lisi-descriptiva.pdf (17 pages, 857735 bytes).
PDF statistics:
 365 PDF objects out of 1000 (max. 8388607)
 291 compressed objects within 3 object streams
 95 named destinations out of 1000 (max. 500000)
 235 words of extra memory for PDF output out of 10000 (max. 10000000)

