This is pdfTeX, Version 3.14159265-2.6-1.40.21 (TeX Live 2020) (preloaded format=pdflatex 2021.3.15)  14 AUG 2022 09:41
entering extended mode
 restricted \write18 enabled.
 file:line:error style messages enabled.
 %&-line parsing enabled.
**prova.tex
(./prova.tex
LaTeX2e <2020-02-02> patch level 5
L3 programming layer <2020-03-06>
(/usr/local/texlive/2020/texmf-dist/tex/latex/base/article.cls
Document Class: article 2019/12/20 v1.4l Standard LaTeX document class
(/usr/local/texlive/2020/texmf-dist/tex/latex/base/size12.clo
File: size12.clo 2019/12/20 v1.4l Standard LaTeX file (size option)
)
\c@part=\count167
\c@section=\count168
\c@subsection=\count169
\c@subsubsection=\count170
\c@paragraph=\count171
\c@subparagraph=\count172
\c@figure=\count173
\c@table=\count174
\abovecaptionskip=\skip47
\belowcaptionskip=\skip48
\bibindent=\dimen134
)
(/usr/local/texlive/2020/texmf-dist/tex/latex/base/inputenc.sty
Package: inputenc 2018/08/11 v1.3c Input encoding file
\inpenc@prehook=\toks15
\inpenc@posthook=\toks16
)
(/usr/local/texlive/2020/texmf-dist/tex/latex/base/fontenc.sty
Package: fontenc 2020/02/11 v2.0o Standard LaTeX package
)
(/usr/local/texlive/2020/texmf-dist/tex/generic/babel/babel.sty
Package: babel 2020/03/22 3.42 The Babel package

(/usr/local/texlive/2020/texmf-dist/tex/generic/babel/switch.def
File: switch.def 2020/03/22 3.42 Babel switching mechanism
)
(/usr/local/texlive/2020/texmf-dist/tex/generic/babel-catalan/catalan.ldf
Language: catalan 2005/03/29 v2.2p Catalan support from the babel system

(/usr/local/texlive/2020/texmf-dist/tex/generic/babel/babel.def
File: babel.def 2020/03/22 3.42 Babel common definitions
\babel@savecnt=\count175
\U@D=\dimen135

(/usr/local/texlive/2020/texmf-dist/tex/generic/babel/txtbabel.def)
\bbl@readstream=\read2
\bbl@dirlevel=\count176
)
Package babel Info: Making " an active character on input line 91.
\leftllkern=\dimen136
\rightllkern=\dimen137
\raiselldim=\dimen138
))
(/usr/local/texlive/2020/texmf-dist/tex/latex/geometry/geometry.sty
Package: geometry 2020/01/02 v5.9 Page Geometry

(/usr/local/texlive/2020/texmf-dist/tex/latex/graphics/keyval.sty
Package: keyval 2014/10/28 v1.15 key=value parser (DPC)
\KV@toks@=\toks17
)
(/usr/local/texlive/2020/texmf-dist/tex/generic/iftex/ifvtex.sty
Package: ifvtex 2019/10/25 v1.7 ifvtex legacy package. Use iftex instead.

(/usr/local/texlive/2020/texmf-dist/tex/generic/iftex/iftex.sty
Package: iftex 2020/03/06 v1.0d TeX engine tests
))
\Gm@cnth=\count177
\Gm@cntv=\count178
\c@Gm@tempcnt=\count179
\Gm@bindingoffset=\dimen139
\Gm@wd@mp=\dimen140
\Gm@odd@mp=\dimen141
\Gm@even@mp=\dimen142
\Gm@layoutwidth=\dimen143
\Gm@layoutheight=\dimen144
\Gm@layouthoffset=\dimen145
\Gm@layoutvoffset=\dimen146
\Gm@dimlist=\toks18
)
(/usr/local/texlive/2020/texmf-dist/tex/latex/amsmath/amsmath.sty
Package: amsmath 2020/01/20 v2.17e AMS math features
\@mathmargin=\skip49

For additional information on amsmath, use the `?' option.
(/usr/local/texlive/2020/texmf-dist/tex/latex/amsmath/amstext.sty
Package: amstext 2000/06/29 v2.01 AMS text

(/usr/local/texlive/2020/texmf-dist/tex/latex/amsmath/amsgen.sty
File: amsgen.sty 1999/11/30 v2.0 generic functions
\@emptytoks=\toks19
\ex@=\dimen147
))
(/usr/local/texlive/2020/texmf-dist/tex/latex/amsmath/amsbsy.sty
Package: amsbsy 1999/11/29 v1.2d Bold Symbols
\pmbraise@=\dimen148
)
(/usr/local/texlive/2020/texmf-dist/tex/latex/amsmath/amsopn.sty
Package: amsopn 2016/03/08 v2.02 operator names
)
\inf@bad=\count180
LaTeX Info: Redefining \frac on input line 227.
\uproot@=\count181
\leftroot@=\count182
LaTeX Info: Redefining \overline on input line 389.
\classnum@=\count183
\DOTSCASE@=\count184
LaTeX Info: Redefining \ldots on input line 486.
LaTeX Info: Redefining \dots on input line 489.
LaTeX Info: Redefining \cdots on input line 610.
\Mathstrutbox@=\box45
\strutbox@=\box46
\big@size=\dimen149
LaTeX Font Info:    Redeclaring font encoding OML on input line 733.
LaTeX Font Info:    Redeclaring font encoding OMS on input line 734.
\macc@depth=\count185
\c@MaxMatrixCols=\count186
\dotsspace@=\muskip16
\c@parentequation=\count187
\dspbrk@lvl=\count188
\tag@help=\toks20
\row@=\count189
\column@=\count190
\maxfields@=\count191
\andhelp@=\toks21
\eqnshift@=\dimen150
\alignsep@=\dimen151
\tagshift@=\dimen152
\tagwidth@=\dimen153
\totwidth@=\dimen154
\lineht@=\dimen155
\@envbody=\toks22
\multlinegap=\skip50
\multlinetaggap=\skip51
\mathdisplay@stack=\toks23
LaTeX Info: Redefining \[ on input line 2859.
LaTeX Info: Redefining \] on input line 2860.
)
(/usr/local/texlive/2020/texmf-dist/tex/latex/amscls/amsthm.sty
Package: amsthm 2017/10/31 v2.20.4
\thm@style=\toks24
\thm@bodyfont=\toks25
\thm@headfont=\toks26
\thm@notefont=\toks27
\thm@headpunct=\toks28
\thm@preskip=\skip52
\thm@postskip=\skip53
\thm@headsep=\skip54
\dth@everypar=\toks29
)
(/usr/local/texlive/2020/texmf-dist/tex/latex/amsfonts/amsfonts.sty
Package: amsfonts 2013/01/14 v3.01 Basic AMSFonts support
\symAMSa=\mathgroup4
\symAMSb=\mathgroup5
LaTeX Font Info:    Redeclaring math symbol \hbar on input line 98.
LaTeX Font Info:    Overwriting math alphabet `\mathfrak' in version `bold'
(Font)                  U/euf/m/n --> U/euf/b/n on input line 106.
)
(/usr/local/texlive/2020/texmf-dist/tex/latex/amsfonts/amssymb.sty
Package: amssymb 2013/01/14 v3.01 AMS font symbols
)
\c@thm=\count192

(/usr/local/texlive/2020/texmf-dist/tex/latex/jknapltx/mathrsfs.sty
Package: mathrsfs 1996/01/01 Math RSFS package v1.0 (jk)
\symrsfs=\mathgroup6
)
(/usr/local/texlive/2020/texmf-dist/tex/latex/hyperref/hyperref.sty
Package: hyperref 2020/01/14 v7.00d Hypertext links for LaTeX

(/usr/local/texlive/2020/texmf-dist/tex/generic/ltxcmds/ltxcmds.sty
Package: ltxcmds 2019/12/15 v1.24 LaTeX kernel commands for general use (HO)
)
(/usr/local/texlive/2020/texmf-dist/tex/latex/pdftexcmds/pdftexcmds.sty
Package: pdftexcmds 2019/11/24 v0.31 Utility functions of pdfTeX for LuaTeX (HO
)

(/usr/local/texlive/2020/texmf-dist/tex/generic/infwarerr/infwarerr.sty
Package: infwarerr 2019/12/03 v1.5 Providing info/warning/error messages (HO)
)
Package pdftexcmds Info: \pdf@primitive is available.
Package pdftexcmds Info: \pdf@ifprimitive is available.
Package pdftexcmds Info: \pdfdraftmode found.
)
(/usr/local/texlive/2020/texmf-dist/tex/generic/kvsetkeys/kvsetkeys.sty
Package: kvsetkeys 2019/12/15 v1.18 Key value parser (HO)
)
(/usr/local/texlive/2020/texmf-dist/tex/generic/kvdefinekeys/kvdefinekeys.sty
Package: kvdefinekeys 2019-12-19 v1.6 Define keys (HO)
)
(/usr/local/texlive/2020/texmf-dist/tex/generic/pdfescape/pdfescape.sty
Package: pdfescape 2019/12/09 v1.15 Implements pdfTeX's escape features (HO)
)
(/usr/local/texlive/2020/texmf-dist/tex/latex/hycolor/hycolor.sty
Package: hycolor 2020-01-27 v1.10 Color options for hyperref/bookmark (HO)
)
(/usr/local/texlive/2020/texmf-dist/tex/latex/letltxmacro/letltxmacro.sty
Package: letltxmacro 2019/12/03 v1.6 Let assignment for LaTeX macros (HO)
)
(/usr/local/texlive/2020/texmf-dist/tex/latex/auxhook/auxhook.sty
Package: auxhook 2019-12-17 v1.6 Hooks for auxiliary files (HO)
)
(/usr/local/texlive/2020/texmf-dist/tex/latex/kvoptions/kvoptions.sty
Package: kvoptions 2019/11/29 v3.13 Key value format for package options (HO)
)
\@linkdim=\dimen156
\Hy@linkcounter=\count193
\Hy@pagecounter=\count194

(/usr/local/texlive/2020/texmf-dist/tex/latex/hyperref/pd1enc.def
File: pd1enc.def 2020/01/14 v7.00d Hyperref: PDFDocEncoding definition (HO)
Now handling font encoding PD1 ...
... no UTF-8 mapping file for font encoding PD1
)
(/usr/local/texlive/2020/texmf-dist/tex/generic/intcalc/intcalc.sty
Package: intcalc 2019/12/15 v1.3 Expandable calculations with integers (HO)
)
(/usr/local/texlive/2020/texmf-dist/tex/generic/etexcmds/etexcmds.sty
Package: etexcmds 2019/12/15 v1.7 Avoid name clashes with e-TeX commands (HO)
)
\Hy@SavedSpaceFactor=\count195
Package hyperref Info: Option `colorlinks' set `true' on input line 4421.
Package hyperref Info: Option `breaklinks' set `true' on input line 4421.
Package hyperref Info: Hyper figures OFF on input line 4547.
Package hyperref Info: Link nesting OFF on input line 4552.
Package hyperref Info: Hyper index ON on input line 4555.
Package hyperref Info: Plain pages OFF on input line 4562.
Package hyperref Info: Backreferencing OFF on input line 4567.
Package hyperref Info: Implicit mode ON; LaTeX internals redefined.
Package hyperref Info: Bookmarks ON on input line 4800.
\c@Hy@tempcnt=\count196

(/usr/local/texlive/2020/texmf-dist/tex/latex/url/url.sty
\Urlmuskip=\muskip17
Package: url 2013/09/16  ver 3.4  Verb mode for urls, etc.
)
LaTeX Info: Redefining \url on input line 5159.
\XeTeXLinkMargin=\dimen157

(/usr/local/texlive/2020/texmf-dist/tex/generic/bitset/bitset.sty
Package: bitset 2019/12/09 v1.3 Handle bit-vector datatype (HO)

(/usr/local/texlive/2020/texmf-dist/tex/generic/bigintcalc/bigintcalc.sty
Package: bigintcalc 2019/12/15 v1.5 Expandable calculations on big integers (HO
)
))
\Fld@menulength=\count197
\Field@Width=\dimen158
\Fld@charsize=\dimen159
Package hyperref Info: Hyper figures OFF on input line 6430.
Package hyperref Info: Link nesting OFF on input line 6435.
Package hyperref Info: Hyper index ON on input line 6438.
Package hyperref Info: backreferencing OFF on input line 6445.
Package hyperref Info: Link coloring ON on input line 6448.
Package hyperref Info: Link coloring with OCG OFF on input line 6455.
Package hyperref Info: PDF/A mode OFF on input line 6460.
LaTeX Info: Redefining \ref on input line 6500.
LaTeX Info: Redefining \pageref on input line 6504.

(/usr/local/texlive/2020/texmf-dist/tex/generic/atbegshi/atbegshi.sty
Package: atbegshi 2019/12/05 v1.19 At begin shipout hook (HO)
)
\Hy@abspage=\count198
\c@Item=\count199
\c@Hfootnote=\count266
)
Package hyperref Info: Driver (autodetected): hpdftex.

(/usr/local/texlive/2020/texmf-dist/tex/latex/hyperref/hpdftex.def
File: hpdftex.def 2020/01/14 v7.00d Hyperref driver for pdfTeX

(/usr/local/texlive/2020/texmf-dist/tex/latex/atveryend/atveryend.sty
Package: atveryend 2019-12-11 v1.11 Hooks at the very end of document (HO)
Package atveryend Info: \enddocument detected (standard20110627).
)
\Fld@listcount=\count267
\c@bookmark@seq@number=\count268

(/usr/local/texlive/2020/texmf-dist/tex/latex/rerunfilecheck/rerunfilecheck.sty
Package: rerunfilecheck 2019/12/05 v1.9 Rerun checks for auxiliary files (HO)

(/usr/local/texlive/2020/texmf-dist/tex/generic/uniquecounter/uniquecounter.sty
Package: uniquecounter 2019/12/15 v1.4 Provide unlimited unique counter (HO)
)
Package uniquecounter Info: New unique counter `rerunfilecheck' on input line 2
86.
)
\Hy@SectionHShift=\skip55
) (/usr/local/texlive/2020/texmf-dist/tex/latex/bbm-macros/bbm.sty
Package: bbm 1999/03/15 V 1.2 provides fonts for set symbols - TH
LaTeX Font Info:    Overwriting math alphabet `\mathbbm' in version `bold'
(Font)                  U/bbm/m/n --> U/bbm/bx/n on input line 33.
LaTeX Font Info:    Overwriting math alphabet `\mathbbmss' in version `bold'
(Font)                  U/bbmss/m/n --> U/bbmss/bx/n on input line 35.
)
(/usr/local/texlive/2020/texmf-dist/tex/latex/graphics/graphicx.sty
Package: graphicx 2019/11/30 v1.2a Enhanced LaTeX Graphics (DPC,SPQR)

(/usr/local/texlive/2020/texmf-dist/tex/latex/graphics/graphics.sty
Package: graphics 2019/11/30 v1.4a Standard LaTeX Graphics (DPC,SPQR)

(/usr/local/texlive/2020/texmf-dist/tex/latex/graphics/trig.sty
Package: trig 2016/01/03 v1.10 sin cos tan (DPC)
)
(/usr/local/texlive/2020/texmf-dist/tex/latex/graphics-cfg/graphics.cfg
File: graphics.cfg 2016/06/04 v1.11 sample graphics configuration
)
Package graphics Info: Driver file: pdftex.def on input line 105.

(/usr/local/texlive/2020/texmf-dist/tex/latex/graphics-def/pdftex.def
File: pdftex.def 2018/01/08 v1.0l Graphics/color driver for pdftex
))
\Gin@req@height=\dimen160
\Gin@req@width=\dimen161
)
(/usr/local/texlive/2020/texmf-dist/tex/latex/l3backend/l3backend-pdfmode.def
File: l3backend-pdfmode.def 2020-03-12 L3 backend support: PDF mode
\l__kernel_color_stack_int=\count269
\l__pdf_internal_box=\box47
)

LaTeX Warning: Unused global option(s):
    [longbibliography].

(./prova.aux)
\openout1 = `prova.aux'.

LaTeX Font Info:    Checking defaults for OML/cmm/m/it on input line 33.
LaTeX Font Info:    ... okay on input line 33.
LaTeX Font Info:    Checking defaults for OMS/cmsy/m/n on input line 33.
LaTeX Font Info:    ... okay on input line 33.
LaTeX Font Info:    Checking defaults for OT1/cmr/m/n on input line 33.
LaTeX Font Info:    ... okay on input line 33.
LaTeX Font Info:    Checking defaults for T1/cmr/m/n on input line 33.
LaTeX Font Info:    ... okay on input line 33.
LaTeX Font Info:    Checking defaults for TS1/cmr/m/n on input line 33.
LaTeX Font Info:    ... okay on input line 33.
LaTeX Font Info:    Checking defaults for OMX/cmex/m/n on input line 33.
LaTeX Font Info:    ... okay on input line 33.
LaTeX Font Info:    Checking defaults for U/cmr/m/n on input line 33.
LaTeX Font Info:    ... okay on input line 33.
LaTeX Font Info:    Checking defaults for PD1/pdf/m/n on input line 33.
LaTeX Font Info:    ... okay on input line 33.
LaTeX Info: Redefining \l on input line 33.
LaTeX Info: Redefining \L on input line 33.

*geometry* driver: auto-detecting
*geometry* detected driver: pdftex
*geometry* verbose mode - [ preamble ] result:
* driver: pdftex
* paper: a4paper
* layout: <same size as paper>
* layoutoffset:(h,v)=(0.0pt,0.0pt)
* modes: 
* h-part:(L,W,R)=(76.82234pt, 443.86319pt, 76.82234pt)
* v-part:(T,H,B)=(76.82234pt, 691.40216pt, 76.82234pt)
* \paperwidth=597.50787pt
* \paperheight=845.04684pt
* \textwidth=443.86319pt
* \textheight=691.40216pt
* \oddsidemargin=4.55235pt
* \evensidemargin=4.55235pt
* \topmargin=-32.44765pt
* \headheight=12.0pt
* \headsep=25.0pt
* \topskip=12.0pt
* \footskip=30.0pt
* \marginparwidth=44.0pt
* \marginparsep=10.0pt
* \columnsep=10.0pt
* \skip\footins=10.8pt plus 4.0pt minus 2.0pt
* \hoffset=0.0pt
* \voffset=0.0pt
* \mag=1000
* \@twocolumnfalse
* \@twosidefalse
* \@mparswitchfalse
* \@reversemarginfalse
* (1in=72.27pt=25.4mm, 1cm=28.453pt)

\AtBeginShipoutBox=\box48
(/usr/local/texlive/2020/texmf-dist/tex/latex/graphics/color.sty
Package: color 2019/11/23 v1.2a Standard LaTeX Color (DPC)

(/usr/local/texlive/2020/texmf-dist/tex/latex/graphics-cfg/color.cfg
File: color.cfg 2016/01/02 v1.6 sample color configuration
)
Package color Info: Driver file: pdftex.def on input line 147.
)
Package hyperref Info: Link coloring ON on input line 33.

(/usr/local/texlive/2020/texmf-dist/tex/latex/hyperref/nameref.sty
Package: nameref 2019/09/16 v2.46 Cross-referencing by name of section

(/usr/local/texlive/2020/texmf-dist/tex/latex/refcount/refcount.sty
Package: refcount 2019/12/15 v3.6 Data extraction from label references (HO)
)
(/usr/local/texlive/2020/texmf-dist/tex/generic/gettitlestring/gettitlestring.s
ty
Package: gettitlestring 2019/12/15 v1.6 Cleanup title references (HO)
)
\c@section@level=\count270
)
LaTeX Info: Redefining \ref on input line 33.
LaTeX Info: Redefining \pageref on input line 33.
LaTeX Info: Redefining \nameref on input line 33.
 (./prova.out) (./prova.out)
\@outlinefile=\write3
\openout3 = `prova.out'.


(/usr/local/texlive/2020/texmf-dist/tex/context/base/mkii/supp-pdf.mkii
[Loading MPS to PDF converter (version 2006.09.02).]
\scratchcounter=\count271
\scratchdimen=\dimen162
\scratchbox=\box49
\nofMPsegments=\count272
\nofMParguments=\count273
\everyMPshowfont=\toks30
\MPscratchCnt=\count274
\MPscratchDim=\dimen163
\MPnumerator=\count275
\makeMPintoPDFobject=\count276
\everyMPtoPDFconversion=\toks31
) (/usr/local/texlive/2020/texmf-dist/tex/latex/epstopdf-pkg/epstopdf-base.sty
Package: epstopdf-base 2020-01-24 v2.11 Base part for package epstopdf
Package epstopdf-base Info: Redefining graphics rule for `.eps' on input line 4
85.

(/usr/local/texlive/2020/texmf-dist/tex/latex/latexconfig/epstopdf-sys.cfg
File: epstopdf-sys.cfg 2010/07/13 v1.3 Configuration of (r)epstopdf for TeX Liv
e
))
LaTeX Font Info:    Trying to load font information for U+msa on input line 36.


(/usr/local/texlive/2020/texmf-dist/tex/latex/amsfonts/umsa.fd
File: umsa.fd 2013/01/14 v3.01 AMS symbols A
)
LaTeX Font Info:    Trying to load font information for U+msb on input line 36.


(/usr/local/texlive/2020/texmf-dist/tex/latex/amsfonts/umsb.fd
File: umsb.fd 2013/01/14 v3.01 AMS symbols B
)
LaTeX Font Info:    Trying to load font information for U+rsfs on input line 36
.

(/usr/local/texlive/2020/texmf-dist/tex/latex/jknapltx/ursfs.fd
File: ursfs.fd 1998/03/24 rsfs font definition file (jk)
)
<Imatges portada/fme.png, id=68, 436.63126pt x 116.435pt>
File: Imatges portada/fme.png Graphic file (type png)
<use Imatges portada/fme.png>
Package pdftex.def Info: Imatges portada/fme.png  used on input line 40.
(pdftex.def)             Requested size: 170.71652pt x 45.52316pt.
<Imatges portada/UB.png, id=69, 1284.8pt x 386.44376pt>
File: Imatges portada/UB.png Graphic file (type png)
<use Imatges portada/UB.png>
Package pdftex.def Info: Imatges portada/UB.png  used on input line 42.
(pdftex.def)             Requested size: 170.71652pt x 51.348pt.
 [1

{/usr/local/texlive/2020/texmf-var/fonts/map/pdftex/updmap/pdftex.map} <./Imatg
es portada/fme.png> <./Imatges portada/UB.png>] (./prova.toc)
\tf@toc=\write4
\openout4 = `prova.toc'.

pdfTeX warning (ext4): destination with the same identifier (name{page.1}) has 
been already used, duplicate ignored
<to be read again> 
                   \relax 
l.50 
      [1]pdfTeX warning (ext4): destination with the same identifier (name{page
.1}) has been already used, duplicate ignored
<to be read again> 
                   \relax 
l.79 
      [1]
LaTeX Font Info:    Trying to load font information for T1+cmtt on input line 1
01.
 (/usr/local/texlive/2020/texmf-dist/tex/latex/base/t1cmtt.fd
File: t1cmtt.fd 2019/12/16 v2.5j Standard LaTeX font definitions
)
<BigQuery/Imatges tutorial/bq1.png, id=111, 899.36pt x 269.005pt>
File: BigQuery/Imatges tutorial/bq1.png Graphic file (type png)
<use BigQuery/Imatges tutorial/bq1.png>
Package pdftex.def Info: BigQuery/Imatges tutorial/bq1.png  used on input line 
106.
(pdftex.def)             Requested size: 206.28247pt x 61.69745pt.
<BigQuery/Imatges tutorial/bq2.png, id=112, 570.13pt x 228.855pt>
File: BigQuery/Imatges tutorial/bq2.png Graphic file (type png)
<use BigQuery/Imatges tutorial/bq2.png>
Package pdftex.def Info: BigQuery/Imatges tutorial/bq2.png  used on input line 
108.
(pdftex.def)             Requested size: 206.28247pt x 82.80328pt.

[2 <./BigQuery/Imatges tutorial/bq1.png> <./BigQuery/Imatges tutorial/bq2.png>]
<BigQuery/Imatges tutorial/bq3.png, id=122, 1144.275pt x 715.67375pt>
File: BigQuery/Imatges tutorial/bq3.png Graphic file (type png)
<use BigQuery/Imatges tutorial/bq3.png>
Package pdftex.def Info: BigQuery/Imatges tutorial/bq3.png  used on input line 
154.
(pdftex.def)             Requested size: 206.28247pt x 129.01227pt.
<BigQuery/Imatges tutorial/bq4.png, id=123, 1144.275pt x 715.67375pt>
File: BigQuery/Imatges tutorial/bq4.png Graphic file (type png)
<use BigQuery/Imatges tutorial/bq4.png>
Package pdftex.def Info: BigQuery/Imatges tutorial/bq4.png  used on input line 
156.
(pdftex.def)             Requested size: 206.28247pt x 129.01227pt.
<BigQuery/Imatges tutorial/bq5.png, id=125, 1144.275pt x 715.67375pt>
File: BigQuery/Imatges tutorial/bq5.png Graphic file (type png)
<use BigQuery/Imatges tutorial/bq5.png>
Package pdftex.def Info: BigQuery/Imatges tutorial/bq5.png  used on input line 
168.
(pdftex.def)             Requested size: 284.52756pt x 177.957pt.

LaTeX Warning: `!h' float specifier changed to `!ht'.

[3 <./BigQuery/Imatges tutorial/bq3.png> <./BigQuery/Imatges tutorial/bq4.png>]
<BigQuery/Imatges tutorial/bq6.png, id=136, 648.4225pt x 365.365pt>
File: BigQuery/Imatges tutorial/bq6.png Graphic file (type png)
<use BigQuery/Imatges tutorial/bq6.png>
Package pdftex.def Info: BigQuery/Imatges tutorial/bq6.png  used on input line 
188.
(pdftex.def)             Requested size: 206.28247pt x 116.23346pt.
<BigQuery/Imatges tutorial/bq7 copia.png, id=137, 1142.2675pt x 615.29875pt>
File: BigQuery/Imatges tutorial/bq7 copia.png Graphic file (type png)
<use BigQuery/Imatges tutorial/bq7 copia.png>
Package pdftex.def Info: BigQuery/Imatges tutorial/bq7 copia.png  used on input
 line 190.
(pdftex.def)             Requested size: 206.28247pt x 111.11514pt.
[4 <./BigQuery/Imatges tutorial/bq5.png> <./BigQuery/Imatges tutorial/bq6.png> 
<./BigQuery/Imatges tutorial/bq7 copia.png>]
<BigQuery/Imatges tutorial/bq8.png, id=147, 1142.2675pt x 615.29875pt>
File: BigQuery/Imatges tutorial/bq8.png Graphic file (type png)
<use BigQuery/Imatges tutorial/bq8.png>
Package pdftex.def Info: BigQuery/Imatges tutorial/bq8.png  used on input line 
202.
(pdftex.def)             Requested size: 284.52756pt x 153.26099pt.
 [5 <./BigQuery/Imatges tutorial/bq8.png>]
<BigQuery/Imatges tutorial/bq9.png, id=159, 1364.09625pt x 663.47874pt>
File: BigQuery/Imatges tutorial/bq9.png Graphic file (type png)
<use BigQuery/Imatges tutorial/bq9.png>
Package pdftex.def Info: BigQuery/Imatges tutorial/bq9.png  used on input line 
241.
(pdftex.def)             Requested size: 206.28247pt x 100.32742pt.
<BigQuery/Imatges tutorial/bq10.png, id=160, 1044.90375pt x 534.99875pt>
File: BigQuery/Imatges tutorial/bq10.png Graphic file (type png)
<use BigQuery/Imatges tutorial/bq10.png>
Package pdftex.def Info: BigQuery/Imatges tutorial/bq10.png  used on input line
 243.
(pdftex.def)             Requested size: 206.28247pt x 105.61823pt.
<BigQuery/Imatges tutorial/bq11.png, id=162, 782.925pt x 145.54375pt>
File: BigQuery/Imatges tutorial/bq11.png Graphic file (type png)
<use BigQuery/Imatges tutorial/bq11.png>
Package pdftex.def Info: BigQuery/Imatges tutorial/bq11.png  used on input line
 266.
(pdftex.def)             Requested size: 341.43306pt x 63.4709pt.
 [6 <./BigQuery/Imatges tutorial/bq9.png> <./BigQuery/Imatges tutorial/bq10.png
> <./BigQuery/Imatges tutorial/bq11.png>]
<BigQuery/Imatges tutorial/bq12.png, id=172, 1144.275pt x 598.235pt>
File: BigQuery/Imatges tutorial/bq12.png Graphic file (type png)
<use BigQuery/Imatges tutorial/bq12.png>
Package pdftex.def Info: BigQuery/Imatges tutorial/bq12.png  used on input line
 280.
(pdftex.def)             Requested size: 206.28247pt x 107.84195pt.
<BigQuery/Imatges tutorial/bq13.png, id=173, 1144.275pt x 598.235pt>
File: BigQuery/Imatges tutorial/bq13.png Graphic file (type png)
<use BigQuery/Imatges tutorial/bq13.png>
Package pdftex.def Info: BigQuery/Imatges tutorial/bq13.png  used on input line
 282.
(pdftex.def)             Requested size: 206.28247pt x 107.84195pt.
<BigQuery/Imatges tutorial/bq13_2.png, id=175, 1099.10625pt x 490.83376pt>
File: BigQuery/Imatges tutorial/bq13_2.png Graphic file (type png)
<use BigQuery/Imatges tutorial/bq13_2.png>
Package pdftex.def Info: BigQuery/Imatges tutorial/bq13_2.png  used on input li
ne 303.
(pdftex.def)             Requested size: 206.28247pt x 92.12097pt.
<BigQuery/Imatges tutorial/bq13_3.png, id=176, 1099.10625pt x 490.83376pt>
File: BigQuery/Imatges tutorial/bq13_3.png Graphic file (type png)
<use BigQuery/Imatges tutorial/bq13_3.png>
Package pdftex.def Info: BigQuery/Imatges tutorial/bq13_3.png  used on input li
ne 305.
(pdftex.def)             Requested size: 206.28247pt x 92.12097pt.


LaTeX Warning: `!h' float specifier changed to `!ht'.

[7 <./BigQuery/Imatges tutorial/bq12.png> <./BigQuery/Imatges tutorial/bq13.png
>] [8 <./BigQuery/Imatges tutorial/bq13_2.png> <./BigQuery/Imatges tutorial/bq1
3_3.png>]

LaTeX Warning: Reference `fig_bq16' on page 9 undefined on input line 334.

<BigQuery/Imatges tutorial/bq16.png, id=192, 930.47626pt x 133.49875pt>
File: BigQuery/Imatges tutorial/bq16.png Graphic file (type png)
<use BigQuery/Imatges tutorial/bq16.png>
Package pdftex.def Info: BigQuery/Imatges tutorial/bq16.png  used on input line
 339.
(pdftex.def)             Requested size: 284.52756pt x 40.82195pt.
[9 <./BigQuery/Imatges tutorial/bq16.png>]
<BigQuery/Imatges tutorial/bq17.png, id=199, 1139.25626pt x 602.25pt>
File: BigQuery/Imatges tutorial/bq17.png Graphic file (type png)
<use BigQuery/Imatges tutorial/bq17.png>
Package pdftex.def Info: BigQuery/Imatges tutorial/bq17.png  used on input line
 361.
(pdftex.def)             Requested size: 206.28247pt x 109.04358pt.
<BigQuery/Imatges tutorial/bq18.png, id=200, 1139.25626pt x 602.25pt>
File: BigQuery/Imatges tutorial/bq18.png Graphic file (type png)
<use BigQuery/Imatges tutorial/bq18.png>
Package pdftex.def Info: BigQuery/Imatges tutorial/bq18.png  used on input line
 363.
(pdftex.def)             Requested size: 206.28247pt x 109.04358pt.
 [10 <./BigQuery/Imatges tutorial/bq17.png> <./BigQuery/Imatges tutorial/bq18.p
ng>] [11] [12] [13] [14] [15]
(./prova.lof)
\tf@lof=\write5
\openout5 = `prova.lof'.

Package atveryend Info: Empty hook `BeforeClearDocument' on input line 397.
 [16]
Package atveryend Info: Empty hook `AfterLastShipout' on input line 397.
 (./prova.aux)
Package atveryend Info: Executing hook `AtVeryEndDocument' on input line 397.
Package atveryend Info: Executing hook `AtEndAfterFileList' on input line 397.
Package rerunfilecheck Info: File `prova.out' has not changed.
(rerunfilecheck)             Checksum: C8794FF1A6E23EF89DD3BF6ABD9D037A;1513.


LaTeX Warning: There were undefined references.

Package atveryend Info: Empty hook `AtVeryVeryEnd' on input line 397.
 ) 
Here is how much of TeX's memory you used:
 8029 strings out of 480608
 118298 string characters out of 5903630
 398796 words of memory out of 5000000
 23699 multiletter control sequences out of 15000+600000
 547306 words of font info for 69 fonts, out of 8000000 for 9000
 1141 hyphenation exceptions out of 8191
 34i,9n,34p,5013b,353s stack positions out of 5000i,500n,10000p,200000b,80000s
{/usr/local/texlive/2020/texmf-dist/fonts/enc/dvips/cm-super/cm-super-t1.enc}
{/usr/local/texlive/2020/texmf-dist/fonts/enc/dvips/cm-super/cm-super-ts1.enc}<
/usr/local/texlive/2020/texmf-dist/fonts/type1/public/cm-super/sfbx1200.pfb></u
sr/local/texlive/2020/texmf-dist/fonts/type1/public/cm-super/sfbx1440.pfb></usr
/local/texlive/2020/texmf-dist/fonts/type1/public/cm-super/sfbx1728.pfb></usr/l
ocal/texlive/2020/texmf-dist/fonts/type1/public/cm-super/sfrm1200.pfb></usr/loc
al/texlive/2020/texmf-dist/fonts/type1/public/cm-super/sfrm1440.pfb></usr/local
/texlive/2020/texmf-dist/fonts/type1/public/cm-super/sfrm2074.pfb></usr/local/t
exlive/2020/texmf-dist/fonts/type1/public/cm-super/sfti1200.pfb></usr/local/tex
live/2020/texmf-dist/fonts/type1/public/cm-super/sftt1200.pfb>
Output written on prova.pdf (18 pages, 2618957 bytes).
PDF statistics:
 289 PDF objects out of 1000 (max. 8388607)
 218 compressed objects within 3 object streams
 47 named destinations out of 1000 (max. 500000)
 229 words of extra memory for PDF output out of 10000 (max. 10000000)

