\BOOKMARK [1][-]{section.1}{Qu\350 \351s BigQuery?}{}% 1
\BOOKMARK [2][-]{subsection.1.1}{Per qu\350 haur\355em d'utilitzar BigQuery en lloc d'altres eines?}{section.1}% 2
\BOOKMARK [1][-]{section.2}{Creaci\363 i treball amb conjunts de dades i taules}{}% 3
\BOOKMARK [2][-]{subsection.2.1}{Configuraci\363 de la Plataforma de Google Cloud \(GCP\)}{section.2}% 4
\BOOKMARK [3][-]{subsubsection.2.1.1}{Limitacions}{subsection.2.1}% 5
\BOOKMARK [2][-]{subsection.2.2}{Creaci\363 d'un conjunt de dades}{section.2}% 6
\BOOKMARK [2][-]{subsection.2.3}{Definici\363 d'una taula de BigQuery des de la interf\355cie d'usuari}{section.2}% 7
\BOOKMARK [3][-]{subsubsection.2.3.1}{Afegir dades a una taula de BigQuery senzilla}{subsection.2.3}% 8
\BOOKMARK [2][-]{subsection.2.4}{C\340rrega de dades per crear una taula de BigQuery}{section.2}% 9
\BOOKMARK [2][-]{subsection.2.5}{Consulta de dades i visualitzaci\363 d'estad\355stiques de consultes}{section.2}% 10
\BOOKMARK [2][-]{subsection.2.6}{Creaci\363 d'una taula a partir d'un resultat de consulta}{section.2}% 11
\BOOKMARK [1][-]{section.3}{Dades p\372bliques i dades externes}{}% 12
\BOOKMARK [2][-]{subsection.3.1}{Conjunts de dades p\372bliques a BigQuery}{section.3}% 13
\BOOKMARK [2][-]{subsection.3.2}{Taules externes de BigQuery}{section.3}% 14
\BOOKMARK [1][-]{section.4}{Integraci\363 de BigQuery amb Data Studio}{}% 15
\BOOKMARK [2][-]{subsection.4.1}{\332s de Data Studio des de BigQuery}{section.4}% 16
\BOOKMARK [2][-]{subsection.4.2}{\332s de Data Studio des de la pr\362pia plataforma}{section.4}% 17
\BOOKMARK [1][-]{section.5}{Connexi\363 d'R a BigQuery}{}% 18
\BOOKMARK [2][-]{subsection.5.1}{Connectem R a BigQuery}{section.5}% 19
\BOOKMARK [2][-]{subsection.5.2}{Consultes amb `bigrquery`}{section.5}% 20
